[debug] [2025-07-10T14:37:59.664Z] ----------------------------------------------------------------------
[debug] [2025-07-10T14:37:59.668Z] Command:       C:\Program Files\nodejs\node.exe C:\Users\nshaw\AppData\Roaming\npm\node_modules\firebase-tools\lib\bin\firebase.js deploy
[debug] [2025-07-10T14:37:59.668Z] CLI Version:   14.9.0
[debug] [2025-07-10T14:37:59.668Z] Platform:      win32
[debug] [2025-07-10T14:37:59.669Z] Node Version:  v20.10.0
[debug] [2025-07-10T14:37:59.669Z] Time:          Thu Jul 10 2025 20:07:59 GMT+0530 (India Standard Time)
[debug] [2025-07-10T14:37:59.669Z] ----------------------------------------------------------------------
[debug] 
[debug] [2025-07-10T14:38:00.031Z] > command requires scopes: ["email","openid","https://www.googleapis.com/auth/cloudplatformprojects.readonly","https://www.googleapis.com/auth/firebase","https://www.googleapis.com/auth/cloud-platform"]
[debug] [2025-07-10T14:38:00.032Z] > authorizing via signed-in user (nshawk96@gmail.com)
[debug] [2025-07-10T14:38:00.032Z] [iam] checking project neumalabs for permissions ["cloudfunctions.functions.create","cloudfunctions.functions.delete","cloudfunctions.functions.get","cloudfunctions.functions.list","cloudfunctions.functions.update","cloudfunctions.operations.get","firebase.projects.get","firebasehosting.sites.update"]
[debug] [2025-07-10T14:38:00.034Z] Checked if tokens are valid: true, expires at: 1752161406417
[debug] [2025-07-10T14:38:00.035Z] Checked if tokens are valid: true, expires at: 1752161406417
[debug] [2025-07-10T14:38:00.037Z] >>> [apiv2][query] POST https://cloudresourcemanager.googleapis.com/v1/projects/neumalabs:testIamPermissions [none]
[debug] [2025-07-10T14:38:00.037Z] >>> [apiv2][(partial)header] POST https://cloudresourcemanager.googleapis.com/v1/projects/neumalabs:testIamPermissions x-goog-quota-user=projects/neumalabs
[debug] [2025-07-10T14:38:00.037Z] >>> [apiv2][body] POST https://cloudresourcemanager.googleapis.com/v1/projects/neumalabs:testIamPermissions {"permissions":["cloudfunctions.functions.create","cloudfunctions.functions.delete","cloudfunctions.functions.get","cloudfunctions.functions.list","cloudfunctions.functions.update","cloudfunctions.operations.get","firebase.projects.get","firebasehosting.sites.update"]}
[debug] [2025-07-10T14:38:01.297Z] <<< [apiv2][status] POST https://cloudresourcemanager.googleapis.com/v1/projects/neumalabs:testIamPermissions 200
[debug] [2025-07-10T14:38:01.298Z] <<< [apiv2][body] POST https://cloudresourcemanager.googleapis.com/v1/projects/neumalabs:testIamPermissions {"permissions":["cloudfunctions.functions.create","cloudfunctions.functions.delete","cloudfunctions.functions.get","cloudfunctions.functions.list","cloudfunctions.functions.update","cloudfunctions.operations.get","firebase.projects.get","firebasehosting.sites.update"]}
[debug] [2025-07-10T14:38:01.298Z] Checked if tokens are valid: true, expires at: 1752161406417
[debug] [2025-07-10T14:38:01.298Z] Checked if tokens are valid: true, expires at: 1752161406417
[debug] [2025-07-10T14:38:01.298Z] >>> [apiv2][query] POST https://iam.googleapis.com/v1/projects/neumalabs/serviceAccounts/neumalabs@appspot.gserviceaccount.com:testIamPermissions [none]
[debug] [2025-07-10T14:38:01.298Z] >>> [apiv2][body] POST https://iam.googleapis.com/v1/projects/neumalabs/serviceAccounts/neumalabs@appspot.gserviceaccount.com:testIamPermissions {"permissions":["iam.serviceAccounts.actAs"]}
[debug] [2025-07-10T14:38:02.781Z] <<< [apiv2][status] POST https://iam.googleapis.com/v1/projects/neumalabs/serviceAccounts/neumalabs@appspot.gserviceaccount.com:testIamPermissions 200
[debug] [2025-07-10T14:38:02.782Z] <<< [apiv2][body] POST https://iam.googleapis.com/v1/projects/neumalabs/serviceAccounts/neumalabs@appspot.gserviceaccount.com:testIamPermissions {"permissions":["iam.serviceAccounts.actAs"]}
[debug] [2025-07-10T14:38:02.783Z] Checked if tokens are valid: true, expires at: 1752161406417
[debug] [2025-07-10T14:38:02.783Z] Checked if tokens are valid: true, expires at: 1752161406417
[debug] [2025-07-10T14:38:02.783Z] >>> [apiv2][query] GET https://firebase.googleapis.com/v1beta1/projects/neumalabs [none]
[debug] [2025-07-10T14:38:03.555Z] <<< [apiv2][status] GET https://firebase.googleapis.com/v1beta1/projects/neumalabs 200
